<?xml version="1.0" encoding="UTF-8"?>
<!-- Generated by org.testng.reporters.JUnitXMLReporter -->
<testsuite ignored="0" hostname="J-zest" failures="0" tests="4" name="Product Info Page Test" time="35.759" errors="0" timestamp="2023-08-01T11:03:25 EDT">
  <testcase classname="com.qa.opencart.tests.ProductPageInfoTest" name="addToCartTest" time="2.892"/>
  <testcase classname="com.qa.opencart.tests.ProductPageInfoTest" name="productImagesCountTest" time="1.039"/>
  <testcase classname="com.qa.opencart.tests.ProductPageInfoTest" name="productImagesCountTest" time="1.571"/>
  <testcase classname="com.qa.opencart.tests.ProductPageInfoTest" name="productImagesCountTest" time="1.723"/>
</testsuite> <!-- Product Info Page Test -->
